<?xml version="1.0" encoding="UTF-8"?>
<testsuites name="APITest" time="4.403" tests="3" failures="0" errors="0">
   <testsuite name="APITest" tests="3" failures="0" errors="0" time="4.403" skipped="0" timestamp="2023-01-09 07:40:44" hostname="WeDoQA-ThinkPad-Man7 - Daniels-Thinkpad" id="Test Suites/APITest">
      <properties>
         <property name="deviceName" value=""/>
         <property name="devicePlatform" value=""/>
         <property name="logFolder" value="C:\\Users\\WeDoQA-ThinkPad-Man7\\git\\ApiTesting\\Reports\\20230109_074035\\APITest\\20230109_074036"/>
         <property name="logFiles" value="C:\\Users\\WeDoQA-ThinkPad-Man7\\git\\ApiTesting\\Reports\\20230109_074035\\APITest\\20230109_074036\\execution0.log"/>
         <property name="attachments" value=""/>
         <property name="hostName" value="WeDoQA-ThinkPad-Man7 - Daniels-Thinkpad"/>
         <property name="hostAddress" value="192.168.50.22"/>
         <property name="os" value="Windows 10 64bit"/>
         <property name="katalonVersion" value="8.5.1.208"/>
      </properties>
      <testcase name="Test Cases/GetUserDetails" time="3.342" classname="Test Cases/GetUserDetails" status="PASSED">
         <system-out><![CDATA[2023-01-09 07:40:45 - [TEST_CASE][PASSED] - Test Cases/GetUserDetails: Test Cases/GetUserDetails

2023-01-09 07:40:45 - [TEST_STEP][PASSED] - response = sendRequest(findTestObject("API/GetUserDetails")): Send request successfully

2023-01-09 07:40:48 - [MESSAGE][INFO] - HAR: C:\Users\WeDoQA-ThinkPad-Man7\git\ApiTesting\Reports\20230109_074035\APITest\20230109_074036\requests\main\0.har

2023-01-09 07:40:48 - [MESSAGE][PASSED] - Send request successfully

2023-01-09 07:40:48 - [TEST_STEP][PASSED] - verifyResponseStatusCode(response, 200): Verify response status code successfully

2023-01-09 07:40:48 - [MESSAGE][PASSED] - Verify response status code successfully

2023-01-09 07:40:48 - [TEST_STEP][PASSED] - verifyElementPropertyValue(response, "data.first_name", "Janet"): Verify element property value successfully

2023-01-09 07:40:48 - [MESSAGE][PASSED] - Verify element property value successfully

2023-01-09 07:40:48 - [TEST_STEP][PASSED] - verifyElementPropertyValue(response, "data.last_name", "Weaver"): Verify element property value successfully

2023-01-09 07:40:48 - [MESSAGE][PASSED] - Verify element property value successfully]]></system-out>
         <system-err><![CDATA[]]></system-err>
      </testcase>
      <testcase name="Test Cases/LogIn" time="0.406" classname="Test Cases/LogIn" status="PASSED">
         <system-out><![CDATA[2023-01-09 07:40:48 - [TEST_CASE][PASSED] - Test Cases/LogIn: Test Cases/LogIn

2023-01-09 07:40:48 - [TEST_STEP][PASSED] - response = sendRequest(findTestObject("API/Login")): Send request successfully

2023-01-09 07:40:48 - [MESSAGE][INFO] - HAR: C:\Users\WeDoQA-ThinkPad-Man7\git\ApiTesting\Reports\20230109_074035\APITest\20230109_074036\requests\main\1.har

2023-01-09 07:40:48 - [MESSAGE][PASSED] - Send request successfully

2023-01-09 07:40:48 - [TEST_STEP][PASSED] - verifyResponseStatusCode(response, 200): Verify response status code successfully

2023-01-09 07:40:48 - [MESSAGE][PASSED] - Verify response status code successfully]]></system-out>
         <system-err><![CDATA[]]></system-err>
      </testcase>
      <testcase name="Test Cases/UnSuccessfulLogin" time="0.425" classname="Test Cases/UnSuccessfulLogin" status="PASSED">
         <system-out><![CDATA[2023-01-09 07:40:48 - [TEST_CASE][PASSED] - Test Cases/UnSuccessfulLogin: Test Cases/UnSuccessfulLogin

2023-01-09 07:40:48 - [TEST_STEP][PASSED] - response = sendRequest(findTestObject("API/UnSuccessfulLogIN")): Send request successfully

2023-01-09 07:40:49 - [MESSAGE][INFO] - HAR: C:\Users\WeDoQA-ThinkPad-Man7\git\ApiTesting\Reports\20230109_074035\APITest\20230109_074036\requests\main\2.har

2023-01-09 07:40:49 - [MESSAGE][PASSED] - Send request successfully

2023-01-09 07:40:49 - [TEST_STEP][PASSED] - verifyResponseStatusCode(response, 400): Verify response status code successfully

2023-01-09 07:40:49 - [MESSAGE][PASSED] - Verify response status code successfully

2023-01-09 07:40:49 - [TEST_STEP][PASSED] - verifyElementPropertyValue(response, "error", "Missing password"): Verify element property value successfully

2023-01-09 07:40:49 - [MESSAGE][PASSED] - Verify element property value successfully]]></system-out>
         <system-err><![CDATA[]]></system-err>
      </testcase>
      <system-out><![CDATA[2023-01-09 07:40:44 - [TEST_SUITE][PASSED] - APITest: Test Cases/UnSuccessfulLogin]]></system-out>
      <system-err><![CDATA[]]></system-err>
   </testsuite>
</testsuites>
